22:51:01.454 INFO  [main] com.udd.udd.UddApplication - Starting UddApplication using Java 17.0.5 on DESKTOP-GAIFGG3 with PID 13648 (D:\udd-projekat-Mihailo\udd\target\classes started by Korisnik in D:\udd-projekat-Mihailo\udd)
22:51:01.471 INFO  [main] com.udd.udd.UddApplication - No active profile set, falling back to default profiles: default
22:51:04.392 INFO  [main] o.s.d.r.c.RepositoryConfigurationDelegate - Multiple Spring Data modules found, entering strict repository configuration mode!
22:51:04.393 INFO  [main] o.s.d.r.c.RepositoryConfigurationDelegate - Bootstrapping Spring Data Elasticsearch repositories in DEFAULT mode.
22:51:04.446 INFO  [main] o.s.d.r.c.RepositoryConfigurationExtensionSupport - Spring Data Elasticsearch - Could not safely identify store assignment for repository candidate interface com.udd.udd.repository.ApplicationRepository. If you want this repository to be a Elasticsearch repository, consider annotating your entities with one of these annotations: org.springframework.data.elasticsearch.annotations.Document (preferred), or consider extending one of the following types with your repository: org.springframework.data.elasticsearch.repository.ElasticsearchRepository, org.springframework.data.elasticsearch.repository.ElasticsearchRepository.
22:51:04.450 INFO  [main] o.s.d.r.c.RepositoryConfigurationExtensionSupport - Spring Data Elasticsearch - Could not safely identify store assignment for repository candidate interface com.udd.udd.repository.CompanyRepository. If you want this repository to be a Elasticsearch repository, consider annotating your entities with one of these annotations: org.springframework.data.elasticsearch.annotations.Document (preferred), or consider extending one of the following types with your repository: org.springframework.data.elasticsearch.repository.ElasticsearchRepository, org.springframework.data.elasticsearch.repository.ElasticsearchRepository.
22:51:04.456 INFO  [main] o.s.d.r.c.RepositoryConfigurationExtensionSupport - Spring Data Elasticsearch - Could not safely identify store assignment for repository candidate interface com.udd.udd.repository.EmployeeRepository. If you want this repository to be a Elasticsearch repository, consider annotating your entities with one of these annotations: org.springframework.data.elasticsearch.annotations.Document (preferred), or consider extending one of the following types with your repository: org.springframework.data.elasticsearch.repository.ElasticsearchRepository, org.springframework.data.elasticsearch.repository.ElasticsearchRepository.
22:51:04.534 INFO  [main] o.s.d.r.c.RepositoryConfigurationDelegate - Finished Spring Data repository scanning in 130 ms. Found 1 Elasticsearch repository interfaces.
22:51:05.383 INFO  [main] o.s.d.r.c.RepositoryConfigurationDelegate - Multiple Spring Data modules found, entering strict repository configuration mode!
22:51:05.385 INFO  [main] o.s.d.r.c.RepositoryConfigurationDelegate - Bootstrapping Spring Data Reactive Elasticsearch repositories in DEFAULT mode.
22:51:05.412 INFO  [main] o.s.d.r.c.RepositoryConfigurationExtensionSupport - Spring Data Reactive Elasticsearch - Could not safely identify store assignment for repository candidate interface com.udd.udd.repository.ApplicationRepository. If you want this repository to be a Reactive Elasticsearch repository, consider annotating your entities with one of these annotations: org.springframework.data.elasticsearch.annotations.Document (preferred), or consider extending one of the following types with your repository: org.springframework.data.elasticsearch.repository.ReactiveElasticsearchRepository.
22:51:05.416 INFO  [main] o.s.d.r.c.RepositoryConfigurationExtensionSupport - Spring Data Reactive Elasticsearch - Could not safely identify store assignment for repository candidate interface com.udd.udd.repository.CompanyRepository. If you want this repository to be a Reactive Elasticsearch repository, consider annotating your entities with one of these annotations: org.springframework.data.elasticsearch.annotations.Document (preferred), or consider extending one of the following types with your repository: org.springframework.data.elasticsearch.repository.ReactiveElasticsearchRepository.
22:51:05.418 INFO  [main] o.s.d.r.c.RepositoryConfigurationExtensionSupport - Spring Data Reactive Elasticsearch - Could not safely identify store assignment for repository candidate interface com.udd.udd.repository.EmployeeRepository. If you want this repository to be a Reactive Elasticsearch repository, consider annotating your entities with one of these annotations: org.springframework.data.elasticsearch.annotations.Document (preferred), or consider extending one of the following types with your repository: org.springframework.data.elasticsearch.repository.ReactiveElasticsearchRepository.
22:51:05.433 INFO  [main] o.s.d.r.c.RepositoryConfigurationDelegate - Finished Spring Data repository scanning in 47 ms. Found 0 Reactive Elasticsearch repository interfaces.
22:51:05.476 INFO  [main] o.s.d.r.c.RepositoryConfigurationDelegate - Multiple Spring Data modules found, entering strict repository configuration mode!
22:51:05.481 INFO  [main] o.s.d.r.c.RepositoryConfigurationDelegate - Bootstrapping Spring Data JPA repositories in DEFAULT mode.
22:51:05.521 INFO  [main] o.s.d.r.c.RepositoryConfigurationExtensionSupport - Spring Data JPA - Could not safely identify store assignment for repository candidate interface com.udd.udd.repository.IndexUnitRepository. If you want this repository to be a JPA repository, consider annotating your entities with one of these annotations: javax.persistence.Entity, javax.persistence.MappedSuperclass (preferred), or consider extending one of the following types with your repository: org.springframework.data.jpa.repository.JpaRepository.
22:51:05.533 INFO  [main] o.s.d.r.c.RepositoryConfigurationDelegate - Finished Spring Data repository scanning in 40 ms. Found 3 JPA repository interfaces.
22:51:07.335 INFO  [main] o.s.b.w.e.tomcat.TomcatWebServer - Tomcat initialized with port(s): 8080 (http)
22:51:07.359 INFO  [main] o.a.coyote.http11.Http11NioProtocol - Initializing ProtocolHandler ["http-nio-8080"]
22:51:07.359 INFO  [main] o.a.catalina.core.StandardService - Starting service [Tomcat]
22:51:07.360 INFO  [main] o.a.catalina.core.StandardEngine - Starting Servlet engine: [Apache Tomcat/9.0.56]
22:51:07.630 INFO  [main] o.a.c.c.C.[Tomcat].[localhost].[/] - Initializing Spring embedded WebApplicationContext
22:51:07.631 INFO  [main] o.s.b.w.s.c.ServletWebServerApplicationContext - Root WebApplicationContext: initialization completed in 5991 ms
22:51:08.181 INFO  [main] o.h.jpa.internal.util.LogHelper - HHH000204: Processing PersistenceUnitInfo [name: default]
22:51:08.283 INFO  [main] org.hibernate.Version - HHH000412: Hibernate ORM core version 5.6.3.Final
22:51:08.729 INFO  [main] o.h.annotations.common.Version - HCANN000001: Hibernate Commons Annotations {5.1.2.Final}
22:51:08.963 INFO  [main] com.zaxxer.hikari.HikariDataSource - HikariPool-1 - Starting...
22:51:09.488 INFO  [main] com.zaxxer.hikari.HikariDataSource - HikariPool-1 - Start completed.
22:51:09.543 INFO  [main] org.hibernate.dialect.Dialect - HHH000400: Using dialect: org.hibernate.dialect.PostgreSQL95Dialect
22:51:12.018 INFO  [main] o.h.e.t.j.p.i.JtaPlatformInitiator - HHH000490: Using JtaPlatform implementation: [org.hibernate.engine.transaction.jta.platform.internal.NoJtaPlatform]
22:51:12.036 INFO  [main] o.s.o.j.LocalContainerEntityManagerFactoryBean - Initialized JPA EntityManagerFactory for persistence unit 'default'
22:51:15.757 INFO  [main] o.a.coyote.http11.Http11NioProtocol - Starting ProtocolHandler ["http-nio-8080"]
22:51:15.799 INFO  [main] o.s.b.w.e.tomcat.TomcatWebServer - Tomcat started on port(s): 8080 (http) with context path ''
22:51:15.841 INFO  [main] com.udd.udd.UddApplication - Started UddApplication in 15.568 seconds (JVM running for 25.021)
22:52:12.453 INFO  [http-nio-8080-exec-1] o.a.c.c.C.[Tomcat].[localhost].[/] - Initializing Spring DispatcherServlet 'dispatcherServlet'
22:52:12.453 INFO  [http-nio-8080-exec-1] o.s.web.servlet.DispatcherServlet - Initializing Servlet 'dispatcherServlet'
22:52:12.456 INFO  [http-nio-8080-exec-1] o.s.web.servlet.DispatcherServlet - Completed initialization in 1 ms
22:54:46.993 INFO  [http-nio-8080-exec-3] c.u.u.c.ApplicantController - Request for registration received from city: Sremska Kamenica
23:48:50.710 INFO  [http-nio-8080-exec-8] c.u.u.c.ApplicantController - Request for registration received from city: Novi Sad
23:48:54.330 INFO  [http-nio-8080-exec-1] c.udd.udd.service.ApplicantService - New employment in the company: Microsoft
23:48:54.330 INFO  [http-nio-8080-exec-1] c.udd.udd.service.ApplicantService - New successful employment by employee: Milos Markovic
23:48:56.594 INFO  [http-nio-8080-exec-3] c.udd.udd.service.ApplicantService - New employment in the company: Microsoft
23:48:56.595 INFO  [http-nio-8080-exec-3] c.udd.udd.service.ApplicantService - New successful employment by employee: Milos Markovic
23:59:55.597 INFO  [http-nio-8080-exec-5] c.udd.udd.service.ApplicantService - New employment in the company: Microsoft
23:59:55.598 INFO  [http-nio-8080-exec-5] c.udd.udd.service.ApplicantService - New successful employment by employee: Milos Markovic
